<?xml version="1.0" encoding="UTF-8"?>
<testng-results ignored="0" total="1" passed="1" failed="0" skipped="0">
  <reporter-output>
  </reporter-output>
  <suite started-at="2022-09-23T17:01:47 IST" name="Suite" finished-at="2022-09-23T17:02:22 IST" duration-ms="34863">
    <groups>
    </groups>
    <test started-at="2022-09-23T17:01:47 IST" name="Test" finished-at="2022-09-23T17:02:22 IST" duration-ms="34863">
      <class name="com.practice_project.scripts.VerifyRegisterPage">
        <test-method is-config="true" signature="preCondition()[pri:0, instance:com.practice_project.scripts.VerifyRegisterPage@747edf66]" started-at="2022-09-23T17:01:47 IST" name="preCondition" finished-at="2022-09-23T17:02:11 IST" duration-ms="23304" status="PASS">
          <reporter-output>
          </reporter-output>
        </test-method> <!-- preCondition -->
        <test-method signature="verifyRegisterPage()[pri:0, instance:com.practice_project.scripts.VerifyRegisterPage@747edf66]" started-at="2022-09-23T17:02:11 IST" name="verifyRegisterPage" finished-at="2022-09-23T17:02:18 IST" duration-ms="7500" status="PASS">
          <reporter-output>
          </reporter-output>
        </test-method> <!-- verifyRegisterPage -->
        <test-method is-config="true" signature="postCondition()[pri:0, instance:com.practice_project.scripts.VerifyRegisterPage@747edf66]" started-at="2022-09-23T17:02:18 IST" name="postCondition" finished-at="2022-09-23T17:02:22 IST" duration-ms="3855" status="PASS">
          <reporter-output>
          </reporter-output>
        </test-method> <!-- postCondition -->
      </class> <!-- com.practice_project.scripts.VerifyRegisterPage -->
    </test> <!-- Test -->
  </suite> <!-- Suite -->
</testng-results>
