<?xml version="1.0" encoding="UTF-8"?>
<testng-results ignored="0" total="1" passed="1" failed="0" skipped="0">
  <reporter-output>
  </reporter-output>
  <suite started-at="2022-09-23T16:25:16 IST" name="Suite" finished-at="2022-09-23T16:26:52 IST" duration-ms="95541">
    <groups>
    </groups>
    <test started-at="2022-09-23T16:25:16 IST" name="Test" finished-at="2022-09-23T16:26:52 IST" duration-ms="95541">
      <class name="com.practice_project.scripts.VerifyRegisterPage">
        <test-method is-config="true" signature="preCondition()[pri:0, instance:com.practice_project.scripts.VerifyRegisterPage@1139b2f3]" started-at="2022-09-23T16:25:16 IST" name="preCondition" finished-at="2022-09-23T16:26:35 IST" duration-ms="78473" status="PASS">
          <reporter-output>
          </reporter-output>
        </test-method> <!-- preCondition -->
        <test-method signature="verifyRegisterPage()[pri:0, instance:com.practice_project.scripts.VerifyRegisterPage@1139b2f3]" started-at="2022-09-23T16:26:35 IST" name="verifyRegisterPage" finished-at="2022-09-23T16:26:48 IST" duration-ms="12886" status="PASS">
          <reporter-output>
          </reporter-output>
        </test-method> <!-- verifyRegisterPage -->
        <test-method is-config="true" signature="postCondition()[pri:0, instance:com.practice_project.scripts.VerifyRegisterPage@1139b2f3]" started-at="2022-09-23T16:26:48 IST" name="postCondition" finished-at="2022-09-23T16:26:52 IST" duration-ms="3888" status="PASS">
          <reporter-output>
          </reporter-output>
        </test-method> <!-- postCondition -->
      </class> <!-- com.practice_project.scripts.VerifyRegisterPage -->
    </test> <!-- Test -->
  </suite> <!-- Suite -->
</testng-results>
